<?xml version="1.0" encoding="UTF-8"?>
<!-- Generated by org.testng.reporters.JUnitReportReporter -->
<testsuite skipped="0" hostname="NYCxaxSKashem" name="day10_05062018.count_USPS_Tabs" tests="1" failures="0" timestamp="06 May 2018 16:15:19 GMT" time="9.894" errors="0">
  <testcase name="testScenario" time="9.894" classname="day10_05062018.count_USPS_Tabs"/>
</testsuite> <!-- day10_05062018.count_USPS_Tabs -->
