<?xml version="1.0" encoding="UTF-8"?>
<!-- Generated by org.testng.reporters.JUnitReportReporter -->
<testsuite skipped="0" hostname="NYCxaxSKashem" name="day12_XmlSuite_05192018.ExtentReport_TestNG" tests="1" failures="0" timestamp="19 May 2018 16:02:33 GMT" time="3.681" errors="0">
  <testcase name="testScenario" time="3.681" classname="day12_XmlSuite_05192018.ExtentReport_TestNG"/>
</testsuite> <!-- day12_XmlSuite_05192018.ExtentReport_TestNG -->
