<?xml version="1.0" encoding="UTF-8"?>
<!-- Generated by org.testng.reporters.JUnitReportReporter -->
<testsuite skipped="0" hostname="NYCxaxSKashem" name="day11_05122018.ExtentReport_TestNG" tests="1" failures="0" timestamp="12 May 2018 18:55:02 GMT" time="4.105" errors="0">
  <testcase name="testScenario" time="4.105" classname="day11_05122018.ExtentReport_TestNG"/>
</testsuite> <!-- day11_05122018.ExtentReport_TestNG -->
