<?xml version="1.0" encoding="UTF-8"?>
<!-- Generated by org.testng.reporters.JUnitReportReporter -->
<testsuite skipped="0" hostname="NYCxaxSKashem" name="day11_05122018.ActionItem_Express" tests="2" failures="0" timestamp="12 May 2018 17:27:40 GMT" time="26.105" errors="0">
  <testcase name="testCase2" time="2.857" classname="day11_05122018.ActionItem_Express"/>
  <testcase name="testCase1" time="23.248" classname="day11_05122018.ActionItem_Express"/>
</testsuite> <!-- day11_05122018.ActionItem_Express -->
