<?xml version="1.0" encoding="UTF-8"?>
<!-- Generated by org.testng.reporters.JUnitReportReporter -->
<testsuite skipped="0" hostname="NYCxaxSKashem" name="day13_05202018.ExpressTest" tests="2" failures="0" timestamp="20 May 2018 16:08:32 GMT" time="19.091" errors="0">
  <testcase name="expressCheckout" time="17.951" classname="day13_05202018.ExpressTest"/>
  <testcase name="addQuantity" time="1.140" classname="day13_05202018.ExpressTest"/>
</testsuite> <!-- day13_05202018.ExpressTest -->
