<?xml version="1.0" encoding="UTF-8"?>
<!-- Generated by org.testng.reporters.JUnitReportReporter -->
<testsuite skipped="0" hostname="NYCxaxSKashem" name="day11_5122018.ActionItem_Express" tests="2" failures="0" timestamp="12 May 2018 16:45:44 GMT" time="20.683" errors="0">
  <testcase name="testCase1" time="17.996" classname="day11_5122018.ActionItem_Express"/>
  <testcase name="testCase2" time="2.687" classname="day11_5122018.ActionItem_Express"/>
</testsuite> <!-- day11_5122018.ActionItem_Express -->
