<?xml version="1.0" encoding="UTF-8"?>
<!-- Generated by org.testng.reporters.JUnitReportReporter -->
<testsuite skipped="0" hostname="NYCxaxSKashem" name="Practice_Ahmed.TestClass" tests="1" failures="0" timestamp="08 May 2018 20:48:42 GMT" time="5.637" errors="0">
  <testcase name="TrackTrace" time="5.637" classname="Practice_Ahmed.TestClass"/>
</testsuite> <!-- Practice_Ahmed.TestClass -->
