<?xml version="1.0" encoding="UTF-8"?>
<!-- Generated by org.testng.reporters.JUnitReportReporter -->
<testsuite skipped="0" hostname="NYCxaxSKashem" name="day12_XmlSuite_05192018.AbtractClass" tests="2" failures="0" timestamp="20 May 2018 03:01:24 GMT" time="11.243" errors="0">
  <testcase name="bingSearch" time="11.058" classname="day12_XmlSuite_05192018.AbtractClass"/>
  <testcase name="BingLogin" time="0.185" classname="day12_XmlSuite_05192018.AbtractClass"/>
</testsuite> <!-- day12_XmlSuite_05192018.AbtractClass -->
