<?xml version="1.0" encoding="UTF-8"?>
<!-- Generated by org.testng.reporters.JUnitReportReporter -->
<testsuite skipped="0" hostname="NYCxaxSKashem" name="day12_XmlSuite_05192018.Parallel_Testing" tests="4" failures="0" timestamp="20 May 2018 02:40:59 GMT" time="43.906" errors="0">
  <testcase name="bingSearch" time="14.738" classname="day12_XmlSuite_05192018.Parallel_Testing"/>
  <testcase name="bingSearch" time="18.512" classname="day12_XmlSuite_05192018.Parallel_Testing"/>
  <testcase name="BingLogin" time="2.627" classname="day12_XmlSuite_05192018.Parallel_Testing"/>
  <testcase name="BingLogin" time="8.029" classname="day12_XmlSuite_05192018.Parallel_Testing"/>
</testsuite> <!-- day12_XmlSuite_05192018.Parallel_Testing -->
