<?xml version="1.0" encoding="UTF-8"?>
<!-- Generated by org.testng.reporters.JUnitReportReporter -->
<testsuite skipped="0" hostname="NYCxaxSKashem" name="day12_XmlSuite_05192018.ActionItem_Express" tests="2" failures="0" timestamp="19 May 2018 16:02:33 GMT" time="27.967" errors="0">
  <testcase name="testCase2" time="2.835" classname="day12_XmlSuite_05192018.ActionItem_Express"/>
  <testcase name="testCase1" time="25.132" classname="day12_XmlSuite_05192018.ActionItem_Express"/>
</testsuite> <!-- day12_XmlSuite_05192018.ActionItem_Express -->
