<?xml version="1.0" encoding="UTF-8"?>
<!-- Generated by org.testng.reporters.JUnitReportReporter -->
<testsuite skipped="0" hostname="NYCxaxSKashem" name="day10_05062018.Express_Action_Item" tests="1" failures="0" timestamp="10 May 2018 05:00:59 GMT" time="21.380" errors="0">
  <testcase name="testScenario" time="21.380" classname="day10_05062018.Express_Action_Item"/>
</testsuite> <!-- day10_05062018.Express_Action_Item -->
